c:\users\ioan\documents\visual studio 2013\projects\e1\debug\e1.bsc
c:\users\ioan\documents\visual studio 2013\projects\e1\e1\debug\vc120.pdb
c:\users\ioan\documents\visual studio 2013\projects\e1\e1\debug\vc120.idb
c:\users\ioan\documents\visual studio 2013\projects\e1\e1\debug\core.obj
c:\users\ioan\documents\visual studio 2013\projects\e1\e1\debug\gameobject.obj
c:\users\ioan\documents\visual studio 2013\projects\e1\e1\debug\gui.obj
c:\users\ioan\documents\visual studio 2013\projects\e1\e1\debug\image.obj
c:\users\ioan\documents\visual studio 2013\projects\e1\e1\debug\main.obj
c:\users\ioan\documents\visual studio 2013\projects\e1\e1\debug\pcb.obj
c:\users\ioan\documents\visual studio 2013\projects\e1\e1\debug\pcbqueue.obj
c:\users\ioan\documents\visual studio 2013\projects\e1\e1\debug\stringparser.obj
c:\users\ioan\documents\visual studio 2013\projects\e1\e1\debug\texturemanager.obj
c:\users\ioan\documents\visual studio 2013\projects\e1\e1\debug\userinput.obj
c:\users\ioan\documents\visual studio 2013\projects\e1\e1\debug\scheduler.obj
c:\users\ioan\documents\visual studio 2013\projects\e1\e1\debug\userinput.sbr
c:\users\ioan\documents\visual studio 2013\projects\e1\e1\debug\texturemanager.sbr
c:\users\ioan\documents\visual studio 2013\projects\e1\e1\debug\stringparser.sbr
c:\users\ioan\documents\visual studio 2013\projects\e1\e1\debug\scheduler.sbr
c:\users\ioan\documents\visual studio 2013\projects\e1\e1\debug\pcbqueue.sbr
c:\users\ioan\documents\visual studio 2013\projects\e1\e1\debug\pcb.sbr
c:\users\ioan\documents\visual studio 2013\projects\e1\e1\debug\main.sbr
c:\users\ioan\documents\visual studio 2013\projects\e1\e1\debug\image.sbr
c:\users\ioan\documents\visual studio 2013\projects\e1\e1\debug\gui.sbr
c:\users\ioan\documents\visual studio 2013\projects\e1\e1\debug\gameobject.sbr
c:\users\ioan\documents\visual studio 2013\projects\e1\e1\debug\core.sbr
c:\users\ioan\documents\visual studio 2013\projects\e1\debug\e1.ilk
c:\users\ioan\documents\visual studio 2013\projects\e1\debug\e1.exe
c:\users\ioan\documents\visual studio 2013\projects\e1\debug\e1.pdb
c:\users\ioan\documents\visual studio 2013\projects\e1\e1\debug\e1.tlog\bscmake.command.1.tlog
c:\users\ioan\documents\visual studio 2013\projects\e1\e1\debug\e1.tlog\bscmake.read.1.tlog
c:\users\ioan\documents\visual studio 2013\projects\e1\e1\debug\e1.tlog\bscmake.write.1.tlog
c:\users\ioan\documents\visual studio 2013\projects\e1\e1\debug\e1.tlog\cl.command.1.tlog
c:\users\ioan\documents\visual studio 2013\projects\e1\e1\debug\e1.tlog\cl.read.1.tlog
c:\users\ioan\documents\visual studio 2013\projects\e1\e1\debug\e1.tlog\cl.write.1.tlog
c:\users\ioan\documents\visual studio 2013\projects\e1\e1\debug\e1.tlog\link.command.1.tlog
c:\users\ioan\documents\visual studio 2013\projects\e1\e1\debug\e1.tlog\link.read.1.tlog
c:\users\ioan\documents\visual studio 2013\projects\e1\e1\debug\e1.tlog\link.write.1.tlog
