Build started 9/2/2014 7:53:08 PM.
     1>Project "C:\Users\Ioan\Documents\Visual Studio 2013\Projects\E1\E1\E1.vcxproj" on node 2 (Build target(s)).
     1>ClCompile:
         C:\Program Files (x86)\Microsoft Visual Studio 12.0\VC\bin\CL.exe /c /ZI /nologo /W3 /WX- /sdl /Od /Oy- /D _MBCS /Gm /EHsc /RTC1 /MDd /GS /fp:precise /Zc:wchar_t /Zc:forScope /Fo"Debug\\" /Fd"Debug\vc120.pdb" /Gd /TP /analyze- /errorReport:prompt Core.cpp GUI.cpp
         GUI.cpp
     1>c:\users\ioan\documents\visual studio 2013\projects\e1\e1\gui.cpp(99): warning C4018: '<' : signed/unsigned mismatch
         Core.cpp
         Generating Code...
       Link:
         C:\Program Files (x86)\Microsoft Visual Studio 12.0\VC\bin\link.exe /ERRORREPORT:PROMPT /OUT:"C:\Users\Ioan\Documents\Visual Studio 2013\Projects\E1\Debug\E1.exe" /INCREMENTAL /NOLOGO SDL2main.lib SDL2.lib SDL2_image.lib SDL2_ttf.lib kernel32.lib user32.lib gdi32.lib winspool.lib comdlg32.lib advapi32.lib shell32.lib ole32.lib oleaut32.lib uuid.lib odbc32.lib odbccp32.lib /MANIFEST /MANIFESTUAC:"level='asInvoker' uiAccess='false'" /manifest:embed /DEBUG /PDB:"C:\Users\Ioan\Documents\Visual Studio 2013\Projects\E1\Debug\E1.pdb" /SUBSYSTEM:CONSOLE /TLBID:1 /DYNAMICBASE /NXCOMPAT /IMPLIB:"C:\Users\Ioan\Documents\Visual Studio 2013\Projects\E1\Debug\E1.lib" /MACHINE:X86 Debug\Core.obj
         Debug\GameObject.obj
         Debug\GUI.obj
         Debug\Image.obj
         Debug\Main.obj
         Debug\TextureManager.obj
         Debug\UserInput.obj
         E1.vcxproj -> C:\Users\Ioan\Documents\Visual Studio 2013\Projects\E1\Debug\E1.exe
     1>Done Building Project "C:\Users\Ioan\Documents\Visual Studio 2013\Projects\E1\E1\E1.vcxproj" (Build target(s)).

Build succeeded.

Time Elapsed 00:00:01.19
